<?xml version="1.0" encoding="UTF-8"?>
<!-- Generated by org.testng.reporters.JUnitXMLReporter -->
<testsuite ignored="0" hostname="LTIN436923" failures="1" tests="8" name="TrainSearchEdge" time="20.456" errors="0" timestamp="2025-06-23T16:13:36 IST">
  <testcase classname="com.selenium.test.testCases.TestMain" name="alertHandle" time="0.058"/>
  <testcase classname="com.selenium.test.testCases.TestMain" name="testTitle" time="0.589"/>
  <testcase classname="com.selenium.test.testCases.TestMain" name="testURL" time="0.256"/>
  <testcase classname="com.selenium.test.testCases.TestMain" name="testSrcStation" time="1.334"/>
  <testcase classname="com.selenium.test.testCases.TestMain" name="testDestStation" time="0.937"/>
  <testcase classname="com.selenium.test.testCases.TestMain" name="testDateSelection" time="1.178">
    <failure type="java.lang.AssertionError" message="expected [05-Oct-25 Sun] but found [TEXT(TODAY()+SearchData!C2, &amp;quot;dd-mmm-yy ddd&amp;quot;)]">
      <![CDATA[java.lang.AssertionError: expected [05-Oct-25 Sun] but found [TEXT(TODAY()+SearchData!C2, "dd-mmm-yy ddd")]
at com.selenium.test.testCases.TestMain.testDateSelection(TestMain.java:255)
at java.base/java.util.ArrayList.forEach(ArrayList.java:1596)
... Removed 31 stack frames]]>
    </failure>
  </testcase> <!-- testDateSelection -->
  <testcase classname="com.selenium.test.testCases.TestMain" name="selectChoices" time="0.982"/>
  <testcase classname="com.selenium.test.testCases.TestMain" name="availableTrain" time="0.692"/>
</testsuite> <!-- TrainSearchEdge -->
