<?xml version="1.0" encoding="UTF-8"?>
<!-- Generated by org.testng.reporters.JUnitXMLReporter -->
<testsuite ignored="0" hostname="LTIN436923" failures="1" tests="8" name="TrainSearchChrome" time="12.892" errors="0" timestamp="2025-06-21T22:30:06 IST">
  <testcase classname="com.selenium.test.testCases.TestMain" name="alertHandle" time="0.931"/>
  <testcase classname="com.selenium.test.testCases.TestMain" name="testTitle" time="0.123"/>
  <testcase classname="com.selenium.test.testCases.TestMain" name="testURL" time="0.125"/>
  <testcase classname="com.selenium.test.testCases.TestMain" name="testSrcStation" time="0.842"/>
  <testcase classname="com.selenium.test.testCases.TestMain" name="testDestStation" time="1.218"/>
  <testcase classname="com.selenium.test.testCases.TestMain" name="testDateSelection" time="1.668">
    <failure type="java.lang.AssertionError" message="expected [27-Jun-25 Fri] but found [TEXT(TODAY()+4, &amp;quot;dd-mmm-yy ddd&amp;quot;)]">
      <![CDATA[java.lang.AssertionError: expected [27-Jun-25 Fri] but found [TEXT(TODAY()+4, "dd-mmm-yy ddd")]
at com.selenium.test.testCases.TestMain.testDateSelection(TestMain.java:187)
at java.base/java.util.ArrayList.forEach(ArrayList.java:1596)
... Removed 31 stack frames]]>
    </failure>
  </testcase> <!-- testDateSelection -->
  <testcase classname="com.selenium.test.testCases.TestMain" name="selectChoices" time="1.093"/>
  <testcase classname="com.selenium.test.testCases.TestMain" name="availableTrain" time="0.843"/>
</testsuite> <!-- TrainSearchChrome -->
