<?xml version="1.0" encoding="UTF-8"?>
<testng-results ignored="0" total="16" passed="14" failed="2" skipped="0">
  <reporter-output>
  </reporter-output>
  <suite started-at="2025-06-21T23:19:42 IST" name="Suite" finished-at="2025-06-21T23:20:16 IST" duration-ms="34058">
    <groups>
    </groups>
    <test started-at="2025-06-21T23:19:42 IST" name="TrainSearchEdge" finished-at="2025-06-21T23:20:01 IST" duration-ms="19308">
      <class name="com.selenium.test.testCases.TestMain">
        <test-method is-config="true" signature="setDriver(java.lang.String)[pri:0, instance:com.selenium.test.testCases.TestMain@2cd76f31]" started-at="2025-06-21T23:19:42 IST" name="setDriver" finished-at="2025-06-21T23:19:50 IST" duration-ms="8071" status="PASS">
          <params>
            <param index="0">
              <value>
                <![CDATA[edge]]>
              </value>
            </param>
          </params>
          <reporter-output>
          </reporter-output>
        </test-method> <!-- setDriver -->
        <test-method is-config="true" signature="startReporter()[pri:0, instance:com.selenium.test.testCases.TestMain@2cd76f31]" started-at="2025-06-21T23:19:50 IST" name="startReporter" finished-at="2025-06-21T23:19:50 IST" duration-ms="360" status="PASS">
          <reporter-output>
          </reporter-output>
        </test-method> <!-- startReporter -->
        <test-method is-config="true" signature="setParams()[pri:0, instance:com.selenium.test.testCases.TestMain@2cd76f31]" started-at="2025-06-21T23:19:50 IST" name="setParams" finished-at="2025-06-21T23:19:52 IST" duration-ms="1224" status="PASS">
          <reporter-output>
          </reporter-output>
        </test-method> <!-- setParams -->
        <test-method signature="alertHandle()[pri:0, instance:com.selenium.test.testCases.TestMain@2cd76f31]" started-at="2025-06-21T23:19:52 IST" name="alertHandle" finished-at="2025-06-21T23:19:52 IST" duration-ms="18" status="PASS">
          <reporter-output>
          </reporter-output>
        </test-method> <!-- alertHandle -->
        <test-method is-config="true" signature="getResult(org.testng.ITestResult)[pri:0, instance:com.selenium.test.testCases.TestMain@2cd76f31]" started-at="2025-06-21T23:19:52 IST" name="getResult" finished-at="2025-06-21T23:19:52 IST" duration-ms="6" status="PASS">
          <params>
            <param index="0">
              <value>
                <![CDATA[[TestResult name=alertHandle status=SUCCESS method=TestMain.alertHandle()[pri:0, instance:com.selenium.test.testCases.TestMain@2cd76f31] output={null}]]]>
              </value>
            </param>
          </params>
          <reporter-output>
          </reporter-output>
        </test-method> <!-- getResult -->
        <test-method signature="testTitle()[pri:0, instance:com.selenium.test.testCases.TestMain@2cd76f31]" started-at="2025-06-21T23:19:52 IST" name="testTitle" finished-at="2025-06-21T23:19:52 IST" duration-ms="290" status="PASS">
          <reporter-output>
          </reporter-output>
        </test-method> <!-- testTitle -->
        <test-method is-config="true" signature="getResult(org.testng.ITestResult)[pri:0, instance:com.selenium.test.testCases.TestMain@2cd76f31]" started-at="2025-06-21T23:19:52 IST" name="getResult" finished-at="2025-06-21T23:19:52 IST" duration-ms="2" status="PASS">
          <params>
            <param index="0">
              <value>
                <![CDATA[[TestResult name=testTitle status=SUCCESS method=TestMain.testTitle()[pri:0, instance:com.selenium.test.testCases.TestMain@2cd76f31] output={null}]]]>
              </value>
            </param>
          </params>
          <reporter-output>
          </reporter-output>
        </test-method> <!-- getResult -->
        <test-method signature="testURL()[pri:0, instance:com.selenium.test.testCases.TestMain@2cd76f31]" started-at="2025-06-21T23:19:52 IST" name="testURL" finished-at="2025-06-21T23:19:52 IST" duration-ms="105" status="PASS">
          <reporter-output>
          </reporter-output>
        </test-method> <!-- testURL -->
        <test-method is-config="true" signature="getResult(org.testng.ITestResult)[pri:0, instance:com.selenium.test.testCases.TestMain@2cd76f31]" started-at="2025-06-21T23:19:52 IST" name="getResult" finished-at="2025-06-21T23:19:52 IST" duration-ms="3" status="PASS">
          <params>
            <param index="0">
              <value>
                <![CDATA[[TestResult name=testURL status=SUCCESS method=TestMain.testURL()[pri:0, instance:com.selenium.test.testCases.TestMain@2cd76f31] output={null}]]]>
              </value>
            </param>
          </params>
          <reporter-output>
          </reporter-output>
        </test-method> <!-- getResult -->
        <test-method signature="testSrcStation()[pri:1, instance:com.selenium.test.testCases.TestMain@2cd76f31]" started-at="2025-06-21T23:19:52 IST" name="testSrcStation" finished-at="2025-06-21T23:19:53 IST" duration-ms="707" status="PASS">
          <reporter-output>
          </reporter-output>
        </test-method> <!-- testSrcStation -->
        <test-method is-config="true" signature="getResult(org.testng.ITestResult)[pri:0, instance:com.selenium.test.testCases.TestMain@2cd76f31]" started-at="2025-06-21T23:19:53 IST" name="getResult" finished-at="2025-06-21T23:19:53 IST" duration-ms="1" status="PASS">
          <params>
            <param index="0">
              <value>
                <![CDATA[[TestResult name=testSrcStation status=SUCCESS method=TestMain.testSrcStation()[pri:1, instance:com.selenium.test.testCases.TestMain@2cd76f31] output={null}]]]>
              </value>
            </param>
          </params>
          <reporter-output>
          </reporter-output>
        </test-method> <!-- getResult -->
        <test-method signature="testDestStation()[pri:2, instance:com.selenium.test.testCases.TestMain@2cd76f31]" started-at="2025-06-21T23:19:53 IST" name="testDestStation" finished-at="2025-06-21T23:19:54 IST" duration-ms="818" status="PASS">
          <reporter-output>
          </reporter-output>
        </test-method> <!-- testDestStation -->
        <test-method is-config="true" signature="getResult(org.testng.ITestResult)[pri:0, instance:com.selenium.test.testCases.TestMain@2cd76f31]" started-at="2025-06-21T23:19:54 IST" name="getResult" finished-at="2025-06-21T23:19:54 IST" duration-ms="1" status="PASS">
          <params>
            <param index="0">
              <value>
                <![CDATA[[TestResult name=testDestStation status=SUCCESS method=TestMain.testDestStation()[pri:2, instance:com.selenium.test.testCases.TestMain@2cd76f31] output={null}]]]>
              </value>
            </param>
          </params>
          <reporter-output>
          </reporter-output>
        </test-method> <!-- getResult -->
        <test-method signature="testDateSelection()[pri:3, instance:com.selenium.test.testCases.TestMain@2cd76f31]" started-at="2025-06-21T23:19:54 IST" name="testDateSelection" finished-at="2025-06-21T23:19:55 IST" duration-ms="1747" status="FAIL">
          <exception class="java.lang.AssertionError">
            <message>
              <![CDATA[expected [27-Jun-25 Fri] but found [TEXT(TODAY()+SearchData!C2, "dd-mmm-yy ddd")]]]>
            </message>
            <full-stacktrace>
              <![CDATA[java.lang.AssertionError: expected [27-Jun-25 Fri] but found [TEXT(TODAY()+SearchData!C2, "dd-mmm-yy ddd")]
at org.testng.Assert.fail(Assert.java:111)
at org.testng.Assert.failNotEquals(Assert.java:1590)
at org.testng.Assert.assertEqualsImpl(Assert.java:150)
at org.testng.Assert.assertEquals(Assert.java:132)
at org.testng.Assert.assertEquals(Assert.java:656)
at org.testng.Assert.assertEquals(Assert.java:666)
at com.selenium.test.testCases.TestMain.testDateSelection(TestMain.java:242)
at java.base/jdk.internal.reflect.DirectMethodHandleAccessor.invoke(DirectMethodHandleAccessor.java:103)
at java.base/java.lang.reflect.Method.invoke(Method.java:580)
at org.testng.internal.invokers.MethodInvocationHelper.invokeMethod(MethodInvocationHelper.java:141)
at org.testng.internal.invokers.TestInvoker.invokeMethod(TestInvoker.java:687)
at org.testng.internal.invokers.TestInvoker.invokeTestMethod(TestInvoker.java:230)
at org.testng.internal.invokers.MethodRunner.runInSequence(MethodRunner.java:63)
at org.testng.internal.invokers.TestInvoker$MethodInvocationAgent.invoke(TestInvoker.java:995)
at org.testng.internal.invokers.TestInvoker.invokeTestMethods(TestInvoker.java:203)
at org.testng.internal.invokers.TestMethodWorker.invokeTestMethods(TestMethodWorker.java:154)
at org.testng.internal.invokers.TestMethodWorker.run(TestMethodWorker.java:134)
at java.base/java.util.ArrayList.forEach(ArrayList.java:1596)
at org.testng.TestRunner.privateRun(TestRunner.java:741)
at org.testng.TestRunner.run(TestRunner.java:616)
at org.testng.SuiteRunner.runTest(SuiteRunner.java:421)
at org.testng.SuiteRunner.runSequentially(SuiteRunner.java:413)
at org.testng.SuiteRunner.privateRun(SuiteRunner.java:373)
at org.testng.SuiteRunner.run(SuiteRunner.java:312)
at org.testng.SuiteRunnerWorker.runSuite(SuiteRunnerWorker.java:52)
at org.testng.SuiteRunnerWorker.run(SuiteRunnerWorker.java:95)
at org.testng.TestNG.runSuitesSequentially(TestNG.java:1274)
at org.testng.TestNG.runSuitesLocally(TestNG.java:1208)
at org.testng.TestNG.runSuites(TestNG.java:1112)
at org.testng.TestNG.run(TestNG.java:1079)
at org.testng.remote.AbstractRemoteTestNG.run(AbstractRemoteTestNG.java:115)
at org.testng.remote.RemoteTestNG.initAndRun(RemoteTestNG.java:293)
at org.testng.remote.RemoteTestNG.main(RemoteTestNG.java:91)
]]>
            </full-stacktrace>
          </exception> <!-- java.lang.AssertionError -->
          <reporter-output>
          </reporter-output>
        </test-method> <!-- testDateSelection -->
        <test-method is-config="true" signature="getResult(org.testng.ITestResult)[pri:0, instance:com.selenium.test.testCases.TestMain@2cd76f31]" started-at="2025-06-21T23:19:55 IST" name="getResult" finished-at="2025-06-21T23:19:56 IST" duration-ms="229" status="PASS">
          <params>
            <param index="0">
              <value>
                <![CDATA[[TestResult name=testDateSelection status=FAILURE method=TestMain.testDateSelection()[pri:3, instance:com.selenium.test.testCases.TestMain@2cd76f31] output={null}]]]>
              </value>
            </param>
          </params>
          <reporter-output>
          </reporter-output>
        </test-method> <!-- getResult -->
        <test-method signature="selectChoices()[pri:4, instance:com.selenium.test.testCases.TestMain@2cd76f31]" started-at="2025-06-21T23:19:56 IST" name="selectChoices" finished-at="2025-06-21T23:19:57 IST" duration-ms="1300" status="PASS">
          <reporter-output>
          </reporter-output>
        </test-method> <!-- selectChoices -->
        <test-method is-config="true" signature="getResult(org.testng.ITestResult)[pri:0, instance:com.selenium.test.testCases.TestMain@2cd76f31]" started-at="2025-06-21T23:19:57 IST" name="getResult" finished-at="2025-06-21T23:19:57 IST" duration-ms="2" status="PASS">
          <params>
            <param index="0">
              <value>
                <![CDATA[[TestResult name=selectChoices status=SUCCESS method=TestMain.selectChoices()[pri:4, instance:com.selenium.test.testCases.TestMain@2cd76f31] output={null}]]]>
              </value>
            </param>
          </params>
          <reporter-output>
          </reporter-output>
        </test-method> <!-- getResult -->
        <test-method signature="availableTrain()[pri:5, instance:com.selenium.test.testCases.TestMain@2cd76f31]" started-at="2025-06-21T23:19:57 IST" name="availableTrain" finished-at="2025-06-21T23:19:58 IST" duration-ms="1257" status="PASS">
          <reporter-output>
          </reporter-output>
        </test-method> <!-- availableTrain -->
        <test-method is-config="true" signature="getResult(org.testng.ITestResult)[pri:0, instance:com.selenium.test.testCases.TestMain@2cd76f31]" started-at="2025-06-21T23:19:58 IST" name="getResult" finished-at="2025-06-21T23:19:58 IST" duration-ms="2" status="PASS">
          <params>
            <param index="0">
              <value>
                <![CDATA[[TestResult name=availableTrain status=SUCCESS method=TestMain.availableTrain()[pri:5, instance:com.selenium.test.testCases.TestMain@2cd76f31] output={null}]]]>
              </value>
            </param>
          </params>
          <reporter-output>
          </reporter-output>
        </test-method> <!-- getResult -->
        <test-method is-config="true" signature="closeParams()[pri:0, instance:com.selenium.test.testCases.TestMain@2cd76f31]" started-at="2025-06-21T23:19:58 IST" name="closeParams" finished-at="2025-06-21T23:20:01 IST" duration-ms="2777" status="PASS">
          <reporter-output>
          </reporter-output>
        </test-method> <!-- closeParams -->
        <test-method is-config="true" signature="flushReport()[pri:0, instance:com.selenium.test.testCases.TestMain@2cd76f31]" started-at="2025-06-21T23:20:01 IST" name="flushReport" finished-at="2025-06-21T23:20:01 IST" duration-ms="329" status="PASS">
          <reporter-output>
          </reporter-output>
        </test-method> <!-- flushReport -->
      </class> <!-- com.selenium.test.testCases.TestMain -->
    </test> <!-- TrainSearchEdge -->
    <test started-at="2025-06-21T23:20:01 IST" name="TrainSearchChrome" finished-at="2025-06-21T23:20:16 IST" duration-ms="14727">
      <class name="com.selenium.test.testCases.TestMain">
        <test-method is-config="true" signature="setDriver(java.lang.String)[pri:0, instance:com.selenium.test.testCases.TestMain@4e50c791]" started-at="2025-06-21T23:20:01 IST" name="setDriver" finished-at="2025-06-21T23:20:08 IST" duration-ms="6738" status="PASS">
          <params>
            <param index="0">
              <value>
                <![CDATA[chrome]]>
              </value>
            </param>
          </params>
          <reporter-output>
          </reporter-output>
        </test-method> <!-- setDriver -->
        <test-method is-config="true" signature="startReporter()[pri:0, instance:com.selenium.test.testCases.TestMain@4e50c791]" started-at="2025-06-21T23:20:08 IST" name="startReporter" finished-at="2025-06-21T23:20:08 IST" duration-ms="3" status="PASS">
          <reporter-output>
          </reporter-output>
        </test-method> <!-- startReporter -->
        <test-method is-config="true" signature="setParams()[pri:0, instance:com.selenium.test.testCases.TestMain@4e50c791]" started-at="2025-06-21T23:20:08 IST" name="setParams" finished-at="2025-06-21T23:20:08 IST" duration-ms="121" status="PASS">
          <reporter-output>
          </reporter-output>
        </test-method> <!-- setParams -->
        <test-method signature="alertHandle()[pri:0, instance:com.selenium.test.testCases.TestMain@4e50c791]" started-at="2025-06-21T23:20:08 IST" name="alertHandle" finished-at="2025-06-21T23:20:08 IST" duration-ms="10" status="PASS">
          <reporter-output>
          </reporter-output>
        </test-method> <!-- alertHandle -->
        <test-method is-config="true" signature="getResult(org.testng.ITestResult)[pri:0, instance:com.selenium.test.testCases.TestMain@4e50c791]" started-at="2025-06-21T23:20:08 IST" name="getResult" finished-at="2025-06-21T23:20:08 IST" duration-ms="1" status="PASS">
          <params>
            <param index="0">
              <value>
                <![CDATA[[TestResult name=alertHandle status=SUCCESS method=TestMain.alertHandle()[pri:0, instance:com.selenium.test.testCases.TestMain@4e50c791] output={null}]]]>
              </value>
            </param>
          </params>
          <reporter-output>
          </reporter-output>
        </test-method> <!-- getResult -->
        <test-method signature="testTitle()[pri:0, instance:com.selenium.test.testCases.TestMain@4e50c791]" started-at="2025-06-21T23:20:08 IST" name="testTitle" finished-at="2025-06-21T23:20:08 IST" duration-ms="65" status="PASS">
          <reporter-output>
          </reporter-output>
        </test-method> <!-- testTitle -->
        <test-method is-config="true" signature="getResult(org.testng.ITestResult)[pri:0, instance:com.selenium.test.testCases.TestMain@4e50c791]" started-at="2025-06-21T23:20:08 IST" name="getResult" finished-at="2025-06-21T23:20:08 IST" duration-ms="1" status="PASS">
          <params>
            <param index="0">
              <value>
                <![CDATA[[TestResult name=testTitle status=SUCCESS method=TestMain.testTitle()[pri:0, instance:com.selenium.test.testCases.TestMain@4e50c791] output={null}]]]>
              </value>
            </param>
          </params>
          <reporter-output>
          </reporter-output>
        </test-method> <!-- getResult -->
        <test-method signature="testURL()[pri:0, instance:com.selenium.test.testCases.TestMain@4e50c791]" started-at="2025-06-21T23:20:08 IST" name="testURL" finished-at="2025-06-21T23:20:08 IST" duration-ms="57" status="PASS">
          <reporter-output>
          </reporter-output>
        </test-method> <!-- testURL -->
        <test-method is-config="true" signature="getResult(org.testng.ITestResult)[pri:0, instance:com.selenium.test.testCases.TestMain@4e50c791]" started-at="2025-06-21T23:20:08 IST" name="getResult" finished-at="2025-06-21T23:20:08 IST" duration-ms="1" status="PASS">
          <params>
            <param index="0">
              <value>
                <![CDATA[[TestResult name=testURL status=SUCCESS method=TestMain.testURL()[pri:0, instance:com.selenium.test.testCases.TestMain@4e50c791] output={null}]]]>
              </value>
            </param>
          </params>
          <reporter-output>
          </reporter-output>
        </test-method> <!-- getResult -->
        <test-method signature="testSrcStation()[pri:1, instance:com.selenium.test.testCases.TestMain@4e50c791]" started-at="2025-06-21T23:20:08 IST" name="testSrcStation" finished-at="2025-06-21T23:20:09 IST" duration-ms="630" status="PASS">
          <reporter-output>
          </reporter-output>
        </test-method> <!-- testSrcStation -->
        <test-method is-config="true" signature="getResult(org.testng.ITestResult)[pri:0, instance:com.selenium.test.testCases.TestMain@4e50c791]" started-at="2025-06-21T23:20:09 IST" name="getResult" finished-at="2025-06-21T23:20:09 IST" duration-ms="7" status="PASS">
          <params>
            <param index="0">
              <value>
                <![CDATA[[TestResult name=testSrcStation status=SUCCESS method=TestMain.testSrcStation()[pri:1, instance:com.selenium.test.testCases.TestMain@4e50c791] output={null}]]]>
              </value>
            </param>
          </params>
          <reporter-output>
          </reporter-output>
        </test-method> <!-- getResult -->
        <test-method signature="testDestStation()[pri:2, instance:com.selenium.test.testCases.TestMain@4e50c791]" started-at="2025-06-21T23:20:09 IST" name="testDestStation" finished-at="2025-06-21T23:20:10 IST" duration-ms="862" status="PASS">
          <reporter-output>
          </reporter-output>
        </test-method> <!-- testDestStation -->
        <test-method is-config="true" signature="getResult(org.testng.ITestResult)[pri:0, instance:com.selenium.test.testCases.TestMain@4e50c791]" started-at="2025-06-21T23:20:10 IST" name="getResult" finished-at="2025-06-21T23:20:10 IST" duration-ms="1" status="PASS">
          <params>
            <param index="0">
              <value>
                <![CDATA[[TestResult name=testDestStation status=SUCCESS method=TestMain.testDestStation()[pri:2, instance:com.selenium.test.testCases.TestMain@4e50c791] output={null}]]]>
              </value>
            </param>
          </params>
          <reporter-output>
          </reporter-output>
        </test-method> <!-- getResult -->
        <test-method signature="testDateSelection()[pri:3, instance:com.selenium.test.testCases.TestMain@4e50c791]" started-at="2025-06-21T23:20:10 IST" name="testDateSelection" finished-at="2025-06-21T23:20:11 IST" duration-ms="1755" status="FAIL">
          <exception class="java.lang.AssertionError">
            <message>
              <![CDATA[expected [27-Jun-25 Fri] but found [TEXT(TODAY()+SearchData!C2, "dd-mmm-yy ddd")]]]>
            </message>
            <full-stacktrace>
              <![CDATA[java.lang.AssertionError: expected [27-Jun-25 Fri] but found [TEXT(TODAY()+SearchData!C2, "dd-mmm-yy ddd")]
at org.testng.Assert.fail(Assert.java:111)
at org.testng.Assert.failNotEquals(Assert.java:1590)
at org.testng.Assert.assertEqualsImpl(Assert.java:150)
at org.testng.Assert.assertEquals(Assert.java:132)
at org.testng.Assert.assertEquals(Assert.java:656)
at org.testng.Assert.assertEquals(Assert.java:666)
at com.selenium.test.testCases.TestMain.testDateSelection(TestMain.java:242)
at java.base/jdk.internal.reflect.DirectMethodHandleAccessor.invoke(DirectMethodHandleAccessor.java:103)
at java.base/java.lang.reflect.Method.invoke(Method.java:580)
at org.testng.internal.invokers.MethodInvocationHelper.invokeMethod(MethodInvocationHelper.java:141)
at org.testng.internal.invokers.TestInvoker.invokeMethod(TestInvoker.java:687)
at org.testng.internal.invokers.TestInvoker.invokeTestMethod(TestInvoker.java:230)
at org.testng.internal.invokers.MethodRunner.runInSequence(MethodRunner.java:63)
at org.testng.internal.invokers.TestInvoker$MethodInvocationAgent.invoke(TestInvoker.java:995)
at org.testng.internal.invokers.TestInvoker.invokeTestMethods(TestInvoker.java:203)
at org.testng.internal.invokers.TestMethodWorker.invokeTestMethods(TestMethodWorker.java:154)
at org.testng.internal.invokers.TestMethodWorker.run(TestMethodWorker.java:134)
at java.base/java.util.ArrayList.forEach(ArrayList.java:1596)
at org.testng.TestRunner.privateRun(TestRunner.java:741)
at org.testng.TestRunner.run(TestRunner.java:616)
at org.testng.SuiteRunner.runTest(SuiteRunner.java:421)
at org.testng.SuiteRunner.runSequentially(SuiteRunner.java:413)
at org.testng.SuiteRunner.privateRun(SuiteRunner.java:373)
at org.testng.SuiteRunner.run(SuiteRunner.java:312)
at org.testng.SuiteRunnerWorker.runSuite(SuiteRunnerWorker.java:52)
at org.testng.SuiteRunnerWorker.run(SuiteRunnerWorker.java:95)
at org.testng.TestNG.runSuitesSequentially(TestNG.java:1274)
at org.testng.TestNG.runSuitesLocally(TestNG.java:1208)
at org.testng.TestNG.runSuites(TestNG.java:1112)
at org.testng.TestNG.run(TestNG.java:1079)
at org.testng.remote.AbstractRemoteTestNG.run(AbstractRemoteTestNG.java:115)
at org.testng.remote.RemoteTestNG.initAndRun(RemoteTestNG.java:293)
at org.testng.remote.RemoteTestNG.main(RemoteTestNG.java:91)
]]>
            </full-stacktrace>
          </exception> <!-- java.lang.AssertionError -->
          <reporter-output>
          </reporter-output>
        </test-method> <!-- testDateSelection -->
        <test-method is-config="true" signature="getResult(org.testng.ITestResult)[pri:0, instance:com.selenium.test.testCases.TestMain@4e50c791]" started-at="2025-06-21T23:20:11 IST" name="getResult" finished-at="2025-06-21T23:20:12 IST" duration-ms="231" status="PASS">
          <params>
            <param index="0">
              <value>
                <![CDATA[[TestResult name=testDateSelection status=FAILURE method=TestMain.testDateSelection()[pri:3, instance:com.selenium.test.testCases.TestMain@4e50c791] output={null}]]]>
              </value>
            </param>
          </params>
          <reporter-output>
          </reporter-output>
        </test-method> <!-- getResult -->
        <test-method signature="selectChoices()[pri:4, instance:com.selenium.test.testCases.TestMain@4e50c791]" started-at="2025-06-21T23:20:12 IST" name="selectChoices" finished-at="2025-06-21T23:20:13 IST" duration-ms="1137" status="PASS">
          <reporter-output>
          </reporter-output>
        </test-method> <!-- selectChoices -->
        <test-method is-config="true" signature="getResult(org.testng.ITestResult)[pri:0, instance:com.selenium.test.testCases.TestMain@4e50c791]" started-at="2025-06-21T23:20:13 IST" name="getResult" finished-at="2025-06-21T23:20:13 IST" duration-ms="1" status="PASS">
          <params>
            <param index="0">
              <value>
                <![CDATA[[TestResult name=selectChoices status=SUCCESS method=TestMain.selectChoices()[pri:4, instance:com.selenium.test.testCases.TestMain@4e50c791] output={null}]]]>
              </value>
            </param>
          </params>
          <reporter-output>
          </reporter-output>
        </test-method> <!-- getResult -->
        <test-method signature="availableTrain()[pri:5, instance:com.selenium.test.testCases.TestMain@4e50c791]" started-at="2025-06-21T23:20:13 IST" name="availableTrain" finished-at="2025-06-21T23:20:14 IST" duration-ms="1132" status="PASS">
          <reporter-output>
          </reporter-output>
        </test-method> <!-- availableTrain -->
        <test-method is-config="true" signature="getResult(org.testng.ITestResult)[pri:0, instance:com.selenium.test.testCases.TestMain@4e50c791]" started-at="2025-06-21T23:20:14 IST" name="getResult" finished-at="2025-06-21T23:20:14 IST" duration-ms="0" status="PASS">
          <params>
            <param index="0">
              <value>
                <![CDATA[[TestResult name=availableTrain status=SUCCESS method=TestMain.availableTrain()[pri:5, instance:com.selenium.test.testCases.TestMain@4e50c791] output={null}]]]>
              </value>
            </param>
          </params>
          <reporter-output>
          </reporter-output>
        </test-method> <!-- getResult -->
        <test-method is-config="true" signature="closeParams()[pri:0, instance:com.selenium.test.testCases.TestMain@4e50c791]" started-at="2025-06-21T23:20:14 IST" name="closeParams" finished-at="2025-06-21T23:20:16 IST" duration-ms="1904" status="PASS">
          <reporter-output>
          </reporter-output>
        </test-method> <!-- closeParams -->
        <test-method is-config="true" signature="flushReport()[pri:0, instance:com.selenium.test.testCases.TestMain@4e50c791]" started-at="2025-06-21T23:20:16 IST" name="flushReport" finished-at="2025-06-21T23:20:16 IST" duration-ms="44" status="PASS">
          <reporter-output>
          </reporter-output>
        </test-method> <!-- flushReport -->
      </class> <!-- com.selenium.test.testCases.TestMain -->
    </test> <!-- TrainSearchChrome -->
  </suite> <!-- Suite -->
</testng-results>
